<?xml version="1.0" encoding="UTF-8"?>
<testsuite name="com.aiapuri.data.llama.dto.DtoSerializationTest" tests="15" skipped="0" failures="0" errors="0" timestamp="2026-05-17T17:46:40" hostname="pi-sandbox" time="0.007">
  <properties/>
  <testcase name="ChatCompletionResponse deserializes from server JSON" classname="com.aiapuri.data.llama.dto.DtoSerializationTest" time="0.002"/>
  <testcase name="ChatCompletionRequest does not include tools field" classname="com.aiapuri.data.llama.dto.DtoSerializationTest" time="0.001"/>
  <testcase name="ChatCompletionChunk deserializes streaming delta" classname="com.aiapuri.data.llama.dto.DtoSerializationTest" time="0.0"/>
  <testcase name="ChatCompletionResponse handles missing usage field" classname="com.aiapuri.data.llama.dto.DtoSerializationTest" time="0.0"/>
  <testcase name="ChatCompletionChunk handles finish reason" classname="com.aiapuri.data.llama.dto.DtoSerializationTest" time="0.001"/>
  <testcase name="ChatMessage serializes correctly" classname="com.aiapuri.data.llama.dto.DtoSerializationTest" time="0.0"/>
  <testcase name="ChatMessage handles all three roles" classname="com.aiapuri.data.llama.dto.DtoSerializationTest" time="0.0"/>
  <testcase name="ModelsResponse deserializes model list" classname="com.aiapuri.data.llama.dto.DtoSerializationTest" time="0.0"/>
  <testcase name="ChatCompletionRequest serializes with stream true" classname="com.aiapuri.data.llama.dto.DtoSerializationTest" time="0.0"/>
  <testcase name="ChatCompletionRequest serializes with model and messages" classname="com.aiapuri.data.llama.dto.DtoSerializationTest" time="0.0"/>
  <testcase name="ModelsResponse handles missing optional fields" classname="com.aiapuri.data.llama.dto.DtoSerializationTest" time="0.0"/>
  <testcase name="ApiErrorResponse handles null error detail" classname="com.aiapuri.data.llama.dto.DtoSerializationTest" time="0.0"/>
  <testcase name="ApiErrorResponse deserializes error detail" classname="com.aiapuri.data.llama.dto.DtoSerializationTest" time="0.0"/>
  <testcase name="ChatCompletionChunk handles content-only delta" classname="com.aiapuri.data.llama.dto.DtoSerializationTest" time="0.001"/>
  <testcase name="ModelsResponse handles empty model list" classname="com.aiapuri.data.llama.dto.DtoSerializationTest" time="0.0"/>
  <system-out><![CDATA[]]></system-out>
  <system-err><![CDATA[]]></system-err>
</testsuite>
