<?xml version="1.0" encoding="UTF-8"?>
<testsuite name="com.aiapuri.core.model.AppErrorTest" tests="36" skipped="0" failures="0" errors="0" timestamp="2026-05-22T10:02:27" hostname="pi-sandbox" time="0.037">
  <properties/>
  <testcase name="Unreachable has correct user message" classname="com.aiapuri.core.model.AppErrorTest" time="0.014"/>
  <testcase name="Unknown has default message" classname="com.aiapuri.core.model.AppErrorTest" time="0.001"/>
  <testcase name="DatabaseError suggests dismiss" classname="com.aiapuri.core.model.AppErrorTest" time="0.0"/>
  <testcase name="Unknown suggests dismiss" classname="com.aiapuri.core.model.AppErrorTest" time="0.0"/>
  <testcase name="ModelNotFound suggests opening settings" classname="com.aiapuri.core.model.AppErrorTest" time="0.001"/>
  <testcase name="Unreachable is retryable" classname="com.aiapuri.core.model.AppErrorTest" time="0.0"/>
  <testcase name="Unknown allows non-retryable" classname="com.aiapuri.core.model.AppErrorTest" time="0.0"/>
  <testcase name="SuggestedAction has three values" classname="com.aiapuri.core.model.AppErrorTest" time="0.01"/>
  <testcase name="Unauthorized suggests opening settings" classname="com.aiapuri.core.model.AppErrorTest" time="0.001"/>
  <testcase name="ServerError 500 is retryable" classname="com.aiapuri.core.model.AppErrorTest" time="0.003"/>
  <testcase name="ServerError 400 is not retryable" classname="com.aiapuri.core.model.AppErrorTest" time="0.0"/>
  <testcase name="ModelNotFound is not retryable" classname="com.aiapuri.core.model.AppErrorTest" time="0.0"/>
  <testcase name="Unreachable suggests retry" classname="com.aiapuri.core.model.AppErrorTest" time="0.0"/>
  <testcase name="InvalidUrl has correct user message" classname="com.aiapuri.core.model.AppErrorTest" time="0.0"/>
  <testcase name="StreamingInterrupted without partial content has correct message" classname="com.aiapuri.core.model.AppErrorTest" time="0.001"/>
  <testcase name="ServerError includes code in message" classname="com.aiapuri.core.model.AppErrorTest" time="0.001"/>
  <testcase name="Unreachable can carry technical detail" classname="com.aiapuri.core.model.AppErrorTest" time="0.0"/>
  <testcase name="StreamingInterrupted with partial content has correct message" classname="com.aiapuri.core.model.AppErrorTest" time="0.0"/>
  <testcase name="InvalidUrl suggests opening settings" classname="com.aiapuri.core.model.AppErrorTest" time="0.0"/>
  <testcase name="Unknown is retryable by default" classname="com.aiapuri.core.model.AppErrorTest" time="0.0"/>
  <testcase name="ModelNotFound has correct user message" classname="com.aiapuri.core.model.AppErrorTest" time="0.0"/>
  <testcase name="DatabaseError has correct user message" classname="com.aiapuri.core.model.AppErrorTest" time="0.0"/>
  <testcase name="InvalidUrl has no technical detail" classname="com.aiapuri.core.model.AppErrorTest" time="0.0"/>
  <testcase name="Timeout suggests retry" classname="com.aiapuri.core.model.AppErrorTest" time="0.0"/>
  <testcase name="InvalidUrl is not retryable" classname="com.aiapuri.core.model.AppErrorTest" time="0.0"/>
  <testcase name="Unknown allows custom message" classname="com.aiapuri.core.model.AppErrorTest" time="0.0"/>
  <testcase name="ServerError carries technical detail" classname="com.aiapuri.core.model.AppErrorTest" time="0.0"/>
  <testcase name="Timeout is retryable" classname="com.aiapuri.core.model.AppErrorTest" time="0.001"/>
  <testcase name="Unauthorized has correct user message" classname="com.aiapuri.core.model.AppErrorTest" time="0.0"/>
  <testcase name="ServerError 429 is not retryable" classname="com.aiapuri.core.model.AppErrorTest" time="0.0"/>
  <testcase name="StreamingInterrupted is retryable" classname="com.aiapuri.core.model.AppErrorTest" time="0.0"/>
  <testcase name="Unauthorized is not retryable" classname="com.aiapuri.core.model.AppErrorTest" time="0.0"/>
  <testcase name="DatabaseError is retryable" classname="com.aiapuri.core.model.AppErrorTest" time="0.0"/>
  <testcase name="StreamingInterrupted suggests retry" classname="com.aiapuri.core.model.AppErrorTest" time="0.0"/>
  <testcase name="ServerError 503 is retryable" classname="com.aiapuri.core.model.AppErrorTest" time="0.0"/>
  <testcase name="Timeout has correct user message" classname="com.aiapuri.core.model.AppErrorTest" time="0.001"/>
  <system-out><![CDATA[]]></system-out>
  <system-err><![CDATA[]]></system-err>
</testsuite>
