<?xml version="1.0" encoding="UTF-8"?>
<testsuite name="com.aiapuri.core.util.ErrorMapperTest" tests="31" skipped="0" failures="0" errors="0" timestamp="2026-05-22T10:02:27" hostname="pi-sandbox" time="0.017">
  <properties/>
  <testcase name="mapStreamingMessage with connection error returns Unreachable" classname="com.aiapuri.core.util.ErrorMapperTest" time="0.003"/>
  <testcase name="mapHttpCode 500 returns ServerError and is retryable" classname="com.aiapuri.core.util.ErrorMapperTest" time="0.0"/>
  <testcase name="mapStreamingMessage with model not found returns ModelNotFound" classname="com.aiapuri.core.util.ErrorMapperTest" time="0.0"/>
  <testcase name="mapStreamingMessage with unknown error returns StreamingInterrupted" classname="com.aiapuri.core.util.ErrorMapperTest" time="0.001"/>
  <testcase name="map redacts Bearer tokens from technical detail" classname="com.aiapuri.core.util.ErrorMapperTest" time="0.0"/>
  <testcase name="map redacts API key from URL query params" classname="com.aiapuri.core.util.ErrorMapperTest" time="0.001"/>
  <testcase name="map unknown exception returns Unknown" classname="com.aiapuri.core.util.ErrorMapperTest" time="0.004"/>
  <testcase name="mapStreamingMessage with timeout returns Timeout" classname="com.aiapuri.core.util.ErrorMapperTest" time="0.0"/>
  <testcase name="map handles null message gracefully" classname="com.aiapuri.core.util.ErrorMapperTest" time="0.0"/>
  <testcase name="map SocketException returns Unreachable" classname="com.aiapuri.core.util.ErrorMapperTest" time="0.0"/>
  <testcase name="mapHttpCode unknown code returns Unknown" classname="com.aiapuri.core.util.ErrorMapperTest" time="0.0"/>
  <testcase name="mapHttpCode 400 returns ServerError and is not retryable" classname="com.aiapuri.core.util.ErrorMapperTest" time="0.0"/>
  <testcase name="map UnknownHostException returns Unreachable" classname="com.aiapuri.core.util.ErrorMapperTest" time="0.0"/>
  <testcase name="map redacts long hex strings from technical detail" classname="com.aiapuri.core.util.ErrorMapperTest" time="0.0"/>
  <testcase name="map ConnectException returns Unreachable" classname="com.aiapuri.core.util.ErrorMapperTest" time="0.001"/>
  <testcase name="mapStreamingMessage with unauthorized returns Unauthorized" classname="com.aiapuri.core.util.ErrorMapperTest" time="0.001"/>
  <testcase name="map LlamaApiException 500 returns ServerError" classname="com.aiapuri.core.util.ErrorMapperTest" time="0.0"/>
  <testcase name="map LlamaApiException 401 returns Unauthorized" classname="com.aiapuri.core.util.ErrorMapperTest" time="0.0"/>
  <testcase name="map LlamaApiException 403 returns Unauthorized" classname="com.aiapuri.core.util.ErrorMapperTest" time="0.0"/>
  <testcase name="mapHttpCode 504 returns ServerError and is retryable" classname="com.aiapuri.core.util.ErrorMapperTest" time="0.0"/>
  <testcase name="mapHttpCode 401 returns Unauthorized" classname="com.aiapuri.core.util.ErrorMapperTest" time="0.0"/>
  <testcase name="map truncates long technical details" classname="com.aiapuri.core.util.ErrorMapperTest" time="0.001"/>
  <testcase name="map LlamaApiException 503 returns ServerError" classname="com.aiapuri.core.util.ErrorMapperTest" time="0.001"/>
  <testcase name="mapHttpCode 403 returns Unauthorized" classname="com.aiapuri.core.util.ErrorMapperTest" time="0.0"/>
  <testcase name="map SocketTimeoutException returns Timeout" classname="com.aiapuri.core.util.ErrorMapperTest" time="0.0"/>
  <testcase name="map LlamaApiException 429 returns ServerError" classname="com.aiapuri.core.util.ErrorMapperTest" time="0.0"/>
  <testcase name="mapStreamingMessage with forbidden returns Unauthorized" classname="com.aiapuri.core.util.ErrorMapperTest" time="0.0"/>
  <testcase name="mapHttpCode 429 returns ServerError with correct code" classname="com.aiapuri.core.util.ErrorMapperTest" time="0.0"/>
  <testcase name="mapHttpCode 502 returns ServerError and is retryable" classname="com.aiapuri.core.util.ErrorMapperTest" time="0.0"/>
  <testcase name="map LlamaApiException 404 returns ModelNotFound" classname="com.aiapuri.core.util.ErrorMapperTest" time="0.0"/>
  <testcase name="mapHttpCode 404 returns ModelNotFound" classname="com.aiapuri.core.util.ErrorMapperTest" time="0.0"/>
  <system-out><![CDATA[]]></system-out>
  <system-err><![CDATA[]]></system-err>
</testsuite>
